<?xml version="1.0" encoding="UTF-8"?>
<!-- Generated by org.testng.reporters.JUnitReportReporter -->
<testsuite hostname="lenovo" name="testcases.YahooTest" tests="2" failures="0" timestamp="28 Jun 2016 19:54:58 GMT" time="0.009" errors="0">
  <testcase name="testsendEmail" time="0.002" classname="testcases.YahooTest"/>
  <testcase name="testreceiveEmail" time="0.007" classname="testcases.YahooTest"/>
</testsuite> <!-- testcases.YahooTest -->
