<?xml version="1.0" encoding="UTF-8"?>
<!-- Generated by org.testng.reporters.JUnitReportReporter -->
<testsuite hostname="lenovo" name="grouping.SearchTest" tests="4" failures="0" timestamp="29 Jun 2016 11:57:12 GMT" time="0.012" errors="0">
  <testcase name="intlSearch" time="0.001" classname="grouping.SearchTest"/>
  <testcase name="domesticSearch" time="0.001" classname="grouping.SearchTest"/>
  <testcase name="domesticSearch" time="0.009" classname="grouping.SearchTest"/>
  <testcase name="intlSearch" time="0.001" classname="grouping.SearchTest"/>
</testsuite> <!-- grouping.SearchTest -->
