<?xml version="1.0" encoding="UTF-8"?>
<!-- Generated by org.testng.reporters.JUnitReportReporter -->
<testsuite hostname="lenovo" name="grouping.LoginTest" tests="4" failures="0" timestamp="29 Jun 2016 11:51:59 GMT" time="0.013" errors="0">
  <testcase name="loginTest" time="0.010" classname="grouping.LoginTest"/>
  <testcase name="changePwdTest" time="0.001" classname="grouping.LoginTest"/>
  <testcase name="logoutTest" time="0.001" classname="grouping.LoginTest"/>
  <testcase name="loginTest" time="0.001" classname="grouping.LoginTest"/>
</testsuite> <!-- grouping.LoginTest -->
