<?xml version="1.0" encoding="UTF-8"?>
<!-- Generated by org.testng.reporters.JUnitReportReporter -->
<testsuite hostname="lenovo" name="suiteABC.TestA" tests="1" failures="0" timestamp="30 Jun 2016 10:11:59 GMT" time="0.006" errors="0">
  <testcase name="testA" time="0.006" classname="suiteABC.TestA"/>
</testsuite> <!-- suiteABC.TestA -->
