<?xml version="1.0" encoding="UTF-8"?>
<!-- Generated by org.testng.reporters.JUnitReportReporter -->
<testsuite hostname="lenovo" name="testcases.SampleTest" tests="2" failures="0" timestamp="28 Jun 2016 19:19:06 GMT" time="0.015" errors="0">
  <testcase name="testApp" time="0.015" classname="testcases.SampleTest"/>
  <testcase name="testLogin" time="0.000" classname="testcases.SampleTest"/>
</testsuite> <!-- testcases.SampleTest -->
