<?xml version="1.0" encoding="UTF-8"?>
<!-- Generated by org.testng.reporters.JUnitReportReporter -->
<testsuite hostname="lenovo" name="testcases.ParameterizedRegistrationTest" tests="2" failures="0" timestamp="28 Jun 2016 20:40:02 GMT" time="0.013" errors="0">
  <testcase name="registrationTest" time="0.001" classname="testcases.ParameterizedRegistrationTest"/>
  <testcase name="registrationTest" time="0.012" classname="testcases.ParameterizedRegistrationTest"/>
</testsuite> <!-- testcases.ParameterizedRegistrationTest -->
