<?xml version="1.0" encoding="UTF-8"?>
<!-- Generated by org.testng.reporters.JUnitReportReporter -->
<testsuite hostname="lenovo" name="grouping.SampleTest" tests="4" failures="0" timestamp="29 Jun 2016 11:47:09 GMT" time="0.010" errors="0">
  <testcase name="loginTest" time="0.008" classname="grouping.SampleTest"/>
  <testcase name="changePwdTest" time="0.001" classname="grouping.SampleTest"/>
  <testcase name="logoutTest" time="0.000" classname="grouping.SampleTest"/>
  <testcase name="loginTest" time="0.001" classname="grouping.SampleTest"/>
</testsuite> <!-- grouping.SampleTest -->
