<?xml version="1.0" encoding="UTF-8"?>
<!-- Generated by org.testng.reporters.JUnitReportReporter -->
<testsuite hostname="lenovo" name="grouping.SameDataProvider" tests="5" failures="0" timestamp="29 Jun 2016 12:23:13 GMT" time="0.014" errors="0">
  <testcase name="sendEmailTest" time="0.001" classname="grouping.SameDataProvider"/>
  <testcase name="loginTest" time="0.001" classname="grouping.SameDataProvider"/>
  <testcase name="sendEmailTest" time="0.001" classname="grouping.SameDataProvider"/>
  <testcase name="sendEmailTest" time="0.000" classname="grouping.SameDataProvider"/>
  <testcase name="loginTest" time="0.011" classname="grouping.SameDataProvider"/>
</testsuite> <!-- grouping.SameDataProvider -->
