<?xml version="1.0" encoding="UTF-8"?>
<!-- Generated by org.testng.reporters.JUnitReportReporter -->
<testsuite hostname="lenovo" name="testcases.RegistrationTest" tests="2" failures="0" timestamp="28 Jun 2016 21:56:15 GMT" time="0.000" errors="0">
  <testcase name="registrationTest" time="0.000" classname="testcases.RegistrationTest"/>
  <testcase name="registrationTest" time="0.000" classname="testcases.RegistrationTest"/>
</testsuite>
