<?xml version="1.0" encoding="UTF-8"?>
<!-- Generated by org.testng.reporters.JUnitReportReporter -->
<testsuite hostname="lenovo" name="programaticallyrunning.MyClass" tests="1" failures="0" timestamp="29 Jun 2016 21:29:48 GMT" time="0.006" errors="0">
  <testcase name="abc" time="0.006" classname="programaticallyrunning.MyClass"/>
</testsuite> <!-- programaticallyrunning.MyClass -->
