<?xml version="1.0" encoding="UTF-8"?>
<!-- Generated by org.testng.reporters.JUnitReportReporter -->
<testsuite hostname="lenovo" name="dataprovider.RegistrationTest" tests="3" failures="0" timestamp="28 Jun 2016 22:28:11 GMT" time="0.012" errors="0">
  <testcase name="registrationTest" time="0.001" classname="dataprovider.RegistrationTest"/>
  <testcase name="registrationTest" time="0.000" classname="dataprovider.RegistrationTest"/>
  <testcase name="registrationTest" time="0.011" classname="dataprovider.RegistrationTest"/>
</testsuite> <!-- dataprovider.RegistrationTest -->
