<?xml version="1.0" encoding="UTF-8"?>
<!-- Generated by org.testng.reporters.JUnitReportReporter -->
<testsuite hostname="lenovo" name="reportSuiteB.TestB1" tests="3" failures="0" timestamp="2 Oct 2016 16:06:16 GMT" time="0.003" errors="0">
  <testcase name="testB1_1" time="0.002" classname="reportSuiteB.TestB1"/>
  <testcase name="testB1_2" time="0.001" classname="reportSuiteB.TestB1"/>
  <testcase name="testB1_3" time="0.000" classname="reportSuiteB.TestB1"/>
</testsuite>
