<?xml version="1.0" encoding="UTF-8"?>
<!-- Generated by org.testng.reporters.JUnitReportReporter -->
<testsuite hostname="lenovo" name="grouping.RegistrationTest" tests="3" failures="0" timestamp="29 Jun 2016 11:52:04 GMT" time="0.010" errors="0">
  <testcase name="registrationTest" time="0.000" classname="grouping.RegistrationTest"/>
  <testcase name="registrationTest" time="0.001" classname="grouping.RegistrationTest"/>
  <testcase name="registrationTest" time="0.009" classname="grouping.RegistrationTest"/>
</testsuite> <!-- grouping.RegistrationTest -->
