<?xml version="1.0" encoding="UTF-8"?>
<!-- Generated by org.testng.reporters.JUnitReportReporter -->
<testsuite hostname="lenovo" name="reportSuiteA.TestA" tests="1" failures="0" timestamp="30 Jun 2016 10:31:44 GMT" time="0.014" errors="0">
  <testcase name="testA" time="0.014" classname="reportSuiteA.TestA"/>
</testsuite> <!-- reportSuiteA.TestA -->
